0 info it worked if it ends with ok
1 verbose cli [ '/Users/daisyxu/.nvm/versions/node/v6.9.1/bin/node',
1 verbose cli   '/Users/daisyxu/.nvm/versions/node/v6.9.1/bin/npm',
1 verbose cli   'run',
1 verbose cli   'start' ]
2 info using npm@3.10.8
3 info using node@v6.9.1
4 verbose run-script [ 'prestart', 'start', 'poststart' ]
5 info lifecycle lunch@1.0.0~prestart: lunch@1.0.0
6 silly lifecycle lunch@1.0.0~prestart: no script for prestart, continuing
7 info lifecycle lunch@1.0.0~start: lunch@1.0.0
8 verbose lifecycle lunch@1.0.0~start: unsafe-perm in lifecycle true
9 verbose lifecycle lunch@1.0.0~start: PATH: /Users/daisyxu/.nvm/versions/node/v6.9.1/lib/node_modules/npm/bin/node-gyp-bin:/Users/daisyxu/Desktop/Work/where-for-lunch/node_modules/.bin:/Users/daisyxu/.nvm/versions/node/v6.9.1/bin:/Users/daisyxu/.rvm/gems/ruby-2.1.2/bin:/Users/daisyxu/.rvm/gems/ruby-2.1.2@global/bin:/Users/daisyxu/.rvm/rubies/ruby-2.1.2/bin:/Users/daisyxu/bin:/Applications/Postgres.app/Contents/Versions/latest/bin:/usr/local/bin:/usr/local/bin:/usr/bin:/bin:/usr/sbin:/sbin:/Users/daisyxu/.rvm/bin:/Users/daisyxu/Library/Android/sdk/tools:/Users/daisyxu/Library/Android/sdk/platform-tools
10 verbose lifecycle lunch@1.0.0~start: CWD: /Users/daisyxu/Desktop/Work/where-for-lunch
11 silly lifecycle lunch@1.0.0~start: Args: [ '-c', 'env BABEL_ENV=server babel-node server/server.js' ]
12 silly lifecycle lunch@1.0.0~start: Returned: code: 1  signal: null
13 info lifecycle lunch@1.0.0~start: Failed to exec start script
14 verbose stack Error: lunch@1.0.0 start: `env BABEL_ENV=server babel-node server/server.js`
14 verbose stack Exit status 1
14 verbose stack     at EventEmitter.<anonymous> (/Users/daisyxu/.nvm/versions/node/v6.9.1/lib/node_modules/npm/lib/utils/lifecycle.js:255:16)
14 verbose stack     at emitTwo (events.js:106:13)
14 verbose stack     at EventEmitter.emit (events.js:191:7)
14 verbose stack     at ChildProcess.<anonymous> (/Users/daisyxu/.nvm/versions/node/v6.9.1/lib/node_modules/npm/lib/utils/spawn.js:40:14)
14 verbose stack     at emitTwo (events.js:106:13)
14 verbose stack     at ChildProcess.emit (events.js:191:7)
14 verbose stack     at maybeClose (internal/child_process.js:877:16)
14 verbose stack     at Process.ChildProcess._handle.onexit (internal/child_process.js:226:5)
15 verbose pkgid lunch@1.0.0
16 verbose cwd /Users/daisyxu/Desktop/Work/where-for-lunch
17 error Darwin 17.5.0
18 error argv "/Users/daisyxu/.nvm/versions/node/v6.9.1/bin/node" "/Users/daisyxu/.nvm/versions/node/v6.9.1/bin/npm" "run" "start"
19 error node v6.9.1
20 error npm  v3.10.8
21 error code ELIFECYCLE
22 error lunch@1.0.0 start: `env BABEL_ENV=server babel-node server/server.js`
22 error Exit status 1
23 error Failed at the lunch@1.0.0 start script 'env BABEL_ENV=server babel-node server/server.js'.
23 error Make sure you have the latest version of node.js and npm installed.
23 error If you do, this is most likely a problem with the lunch package,
23 error not with npm itself.
23 error Tell the author that this fails on your system:
23 error     env BABEL_ENV=server babel-node server/server.js
23 error You can get information on how to open an issue for this project with:
23 error     npm bugs lunch
23 error Or if that isn't available, you can get their info via:
23 error     npm owner ls lunch
23 error There is likely additional logging output above.
24 verbose exit [ 1, true ]
